<?xml version="1.0" encoding="UTF-8"?>
<!-- Generated by org.testng.reporters.JUnitXMLReporter -->
<testsuite ignored="0" hostname="LAPTOP-FOE8HMU5" failures="0" tests="3" name="Test" time="0.107" errors="0" timestamp="2021-01-04T21:34:47 IST">
  <testcase classname="testscripts.TestLogin" name="amazonsignin" time="0.054"/>
  <testcase classname="testscripts.TestAddtoCart" name="addtocart" time="0.002"/>
  <testcase classname="testscripts.TestDeleteItem" name="deleteitem" time="0.002"/>
</testsuite> <!-- Test -->
