<?xml version="1.0" encoding="UTF-8"?>
<testng-results ignored="0" total="3" passed="3" failed="0" skipped="0">
  <reporter-output>
    <line>
      <![CDATA[Login unsuccessfull]]>
    </line>
  </reporter-output>
  <suite started-at="2021-01-04T21:34:47 IST" name="Suite" finished-at="2021-01-04T21:34:47 IST" duration-ms="107">
    <groups>
      <group name="smoke">
        <method signature="TestAddtoCart.addtocart()[pri:2, instance:testscripts.TestAddtoCart@696da30b]" name="addtocart" class="testscripts.TestAddtoCart"/>
        <method signature="TestDeleteItem.deleteitem()[pri:3, instance:testscripts.TestDeleteItem@4e7912d8]" name="deleteitem" class="testscripts.TestDeleteItem"/>
        <method signature="TestLogin.amazonsignin()[pri:1, instance:testscripts.TestLogin@5fd4f8f5]" name="amazonsignin" class="testscripts.TestLogin"/>
      </group> <!-- smoke -->
    </groups>
    <test started-at="2021-01-04T21:34:47 IST" name="Test" finished-at="2021-01-04T21:34:47 IST" duration-ms="107">
      <class name="testscripts.TestLogin">
        <test-method signature="amazonsignin()[pri:1, instance:testscripts.TestLogin@5fd4f8f5]" started-at="2021-01-04T21:34:47 IST" name="amazonsignin" finished-at="2021-01-04T21:34:47 IST" duration-ms="54" status="PASS">
          <reporter-output>
            <line>
              <![CDATA[Login unsuccessfull]]>
            </line>
          </reporter-output>
        </test-method> <!-- amazonsignin -->
      </class> <!-- testscripts.TestLogin -->
      <class name="testscripts.TestAddtoCart">
        <test-method signature="addtocart()[pri:2, instance:testscripts.TestAddtoCart@696da30b]" started-at="2021-01-04T21:34:47 IST" name="addtocart" finished-at="2021-01-04T21:34:47 IST" duration-ms="2" status="PASS">
          <reporter-output>
          </reporter-output>
        </test-method> <!-- addtocart -->
      </class> <!-- testscripts.TestAddtoCart -->
      <class name="testscripts.TestDeleteItem">
        <test-method signature="deleteitem()[pri:3, instance:testscripts.TestDeleteItem@4e7912d8]" started-at="2021-01-04T21:34:47 IST" name="deleteitem" finished-at="2021-01-04T21:34:47 IST" duration-ms="2" status="PASS">
          <reporter-output>
          </reporter-output>
        </test-method> <!-- deleteitem -->
      </class> <!-- testscripts.TestDeleteItem -->
    </test> <!-- Test -->
  </suite> <!-- Suite -->
</testng-results>
