<?xml version="1.0" encoding="UTF-8"?>
<testng-results ignored="0" total="1" passed="1" failed="0" skipped="0">
  <reporter-output>
    <line>
      <![CDATA[item is deleted from cart successfully]]>
    </line>
  </reporter-output>
  <suite started-at="2021-01-05T09:27:58 IST" name="Default suite" finished-at="2021-01-05T09:29:13 IST" duration-ms="75013">
    <groups>
    </groups>
    <test started-at="2021-01-05T09:27:58 IST" name="Default test" finished-at="2021-01-05T09:29:13 IST" duration-ms="75013">
      <class name="testscripts.TestDeleteItem">
        <test-method is-config="true" signature="launchBrowserAndApplication()[pri:0, instance:testscripts.TestDeleteItem@62230c58]" started-at="2021-01-05T09:27:59 IST" name="launchBrowserAndApplication" finished-at="2021-01-05T09:28:10 IST" duration-ms="11750" status="PASS">
          <reporter-output>
          </reporter-output>
        </test-method> <!-- launchBrowserAndApplication -->
        <test-method signature="deleteitem()[pri:0, instance:testscripts.TestDeleteItem@62230c58]" started-at="2021-01-05T09:28:10 IST" name="deleteitem" finished-at="2021-01-05T09:29:12 IST" duration-ms="62183" status="PASS">
          <reporter-output>
            <line>
              <![CDATA[item is deleted from cart successfully]]>
            </line>
          </reporter-output>
        </test-method> <!-- deleteitem -->
        <test-method is-config="true" signature="closeBrowserAndApplication()[pri:0, instance:testscripts.TestDeleteItem@62230c58]" started-at="2021-01-05T09:29:12 IST" name="closeBrowserAndApplication" finished-at="2021-01-05T09:29:13 IST" duration-ms="1020" status="PASS">
          <reporter-output>
          </reporter-output>
        </test-method> <!-- closeBrowserAndApplication -->
      </class> <!-- testscripts.TestDeleteItem -->
    </test> <!-- Default test -->
  </suite> <!-- Default suite -->
</testng-results>
